@!@!@STARTMSG 2262:0 @!@!@
TLC2 Version 2.18 of Day Month 20?? (rev: 23f7650)
@!@!@ENDMSG 2262 @!@!@
@!@!@STARTMSG 2187:0 @!@!@
Running breadth-first search Model-Checking with fp 32 and seed 3501288710346963323 with 10 workers on 20 cores with 3013MB heap and 6774MB offheap memory [pid: 5292] (Windows 10 10.0 amd64, AdoptOpenJDK 14.0.1 x86_64, OffHeapDiskFPSet, DiskStateQueue).
@!@!@ENDMSG 2187 @!@!@
@!@!@STARTMSG 2220:0 @!@!@
Starting SANY...
@!@!@ENDMSG 2220 @!@!@
Parsing file D:\project\IoTDB-LTA-PLUS\rwlock.toolbox\RWLock\MC.tla
Parsing file D:\project\IoTDB-LTA-PLUS\rwlock.toolbox\RWLock\rwlock.tla
Parsing file C:\Users\18367\Downloads\TLAToolbox-1.8.0-win32.win32.x86_64\toolbox\plugins\org.lamport.tlatools_1.0.0.202403260436\tla2sany\StandardModules\TLC.tla
Parsing file C:\Users\18367\Downloads\TLAToolbox-1.8.0-win32.win32.x86_64\toolbox\plugins\org.lamport.tlatools_1.0.0.202403260436\tla2sany\StandardModules\Integers.tla
Parsing file C:\Users\18367\Downloads\TLAToolbox-1.8.0-win32.win32.x86_64\toolbox\plugins\org.lamport.tlatools_1.0.0.202403260436\tla2sany\StandardModules\Sequences.tla
Parsing file C:\Users\18367\Downloads\TLAToolbox-1.8.0-win32.win32.x86_64\toolbox\plugins\org.lamport.tlatools_1.0.0.202403260436\tla2sany\StandardModules\Naturals.tla
Parsing file C:\Users\18367\Downloads\TLAToolbox-1.8.0-win32.win32.x86_64\toolbox\plugins\org.lamport.tlatools_1.0.0.202403260436\tla2sany\StandardModules\FiniteSets.tla
Semantic processing of module Naturals
Semantic processing of module Integers
Semantic processing of module Sequences
Semantic processing of module rwlock
Semantic processing of module FiniteSets
Semantic processing of module TLC
Semantic processing of module MC
@!@!@STARTMSG 2219:0 @!@!@
SANY finished.
@!@!@ENDMSG 2219 @!@!@
@!@!@STARTMSG 2185:0 @!@!@
Starting... (2024-04-01 01:08:37)
@!@!@ENDMSG 2185 @!@!@
@!@!@STARTMSG 2189:0 @!@!@
Computing initial states...
@!@!@ENDMSG 2189 @!@!@
@!@!@STARTMSG 2190:0 @!@!@
Finished computing initial states: 1 distinct state generated at 2024-04-01 01:08:38.
@!@!@ENDMSG 2190 @!@!@
@!@!@STARTMSG 2200:0 @!@!@
Progress(1757351) at 2024-04-01 01:08:41: 1,757,342 states generated (1,757,342 s/min), 1,757,322 distinct states found (1,757,322 ds/min), 0 states left on queue.
@!@!@ENDMSG 2200 @!@!@
